Build started 2017-03-10 14:06:30.
     1>Project "C:\Users\student\PWP_lab1\bld\Laborka.vcxproj" on node 2 (build target(s)).
     1>InitializeBuildStatus:
         Creating "Laborka.dir\Debug\Laborka.unsuccessfulbuild" because "AlwaysCreate" was specified.
       CustomBuild:
         All outputs are up-to-date.
       ClCompile:
         All outputs are up-to-date.
       ManifestResourceCompile:
         All outputs are up-to-date.
       Link:
         All outputs are up-to-date.
       Manifest:
         All outputs are up-to-date.
       FinalizeBuildStatus:
         Deleting file "Laborka.dir\Debug\Laborka.unsuccessfulbuild".
         Touching "Laborka.dir\Debug\Laborka.lastbuildstate".
     1>Done Building Project "C:\Users\student\PWP_lab1\bld\Laborka.vcxproj" (build target(s)).

Build succeeded.

Time Elapsed 00:00:00.20
